18-11-20, 11:11:23 - Listando Coders - ::1
18-11-20, 11:11:03 - Listando Coders - ::1
18-11-20, 11:11:07 - Listando Coders - ::1
18-11-20, 11:11:41 - Listando Coders - ::1
18-11-20, 11:11:12 - Coder borrado: 12 - ::1
18-11-20, 11:11:18 - Listando Coders - ::1
18-11-20, 11:11:28 - Coder Editado: 19 - ::1
18-11-20, 11:11:39 - Listando Coders - ::1
18-11-20, 11:11:35 - Listando Coders - ::1
18-11-20, 11:11:48 - Listando Coders - ::1
18-11-20, 11:11:09 - Listando Coders - ::1
18-11-2020, 11:31:31 - Listando Coders - ::1
18-11-2020, 11:32:53 - Coder Guardado: Array - ::1
18-11-2020, 11:34:47 - Coder Guardado:  - ::1
18-11-2020, 11:35:29 - Coder Guardado: pepon - ::1
20-11-2020, 10:05:23 - Listando Coders - ::1
20-11-2020, 10:13:08 - Coder borrado: 51 - ::1
20-11-2020, 10:13:21 - Listando Coders - ::1
20-11-2020, 10:43:44 - Coder borrado: 54 - ::1
20-11-2020, 10:47:00 - Listando Coders - ::1
20-11-2020, 10:47:18 - Listando Coders - ::1
20-11-2020, 11:27:25 - Coder Guardado: Pepsi - ::1
20-11-2020, 11:27:35 - Listando Coders - ::1